{"/home/dema/work/creditmarket/bug/src/A.js": {"path":"/home/dema/work/creditmarket/bug/src/A.js","statementMap":{"0":{"start":{"line":1,"column":0},"end":{"line":null,"column":-1}},"1":{"start":{"line":5,"column":4},"end":{"line":null,"column":-1}},"2":{"start":{"line":3,"column":47},"end":{"line":null,"column":-1}}},"fnMap":{"0":{"name":"(anonymous_2)","decl":{"start":{"line":4,"column":2},"end":{"line":4,"column":10}},"loc":{"start":{"line":4,"column":11},"end":{"line":6,"column":3}}},"1":{"name":"(anonymous_3)","decl":{"start":{"line":3,"column":47},"end":{"line":null,"column":-1}},"loc":{"start":{"line":3,"column":47},"end":{"line":null,"column":-1}}}},"branchMap":{},"s":{"0":0,"1":0,"2":0},"f":{"0":0,"1":0},"b":{}}
}
